C:\Program Files\Microsoft Visual Studio\2022\Community\MSBuild\Microsoft\VC\v170\Platforms\x64\PlatformToolsets\v143\ImportAfter\Intel.Libs.oneMKL.v143.targets(36,5): warning : Could not expand oneMKLProductDir variable. Corresponding version of Intel(R) oneMKL is not installed or the registry information may be incorrect. 
C:\Program Files\Microsoft Visual Studio\2022\Community\MSBuild\Microsoft\VC\v170\Platforms\x64\PlatformToolsets\v143\ImportAfter\Intel.Libs.oneMKL.v143.targets(37,5): warning : Could not expand oneMKLMajorVersion variable. Corresponding version of Intel(R) oneMKL is not installed or the registry information may be incorrect. 
C:\Program Files\Microsoft Visual Studio\2022\Community\MSBuild\Microsoft\VC\v170\Platforms\x64\PlatformToolsets\v143\ImportAfter\Intel.Libs.oneMKL.v143.targets(38,5): warning : Could not expand oneMKLMinorVersion variable. Corresponding version of Intel(R) oneMKL is not installed or the registry information may be incorrect. 
C:\Program Files\Microsoft Visual Studio\2022\Community\MSBuild\Microsoft\VC\v170\Platforms\x64\PlatformToolsets\v143\ImportAfter\Intel.Libs.oneMKL.v143.targets(39,5): warning : Could not expand oneMKLIncludeDir variable. Corresponding version of Intel(R) oneMKL is not installed or the registry information may be incorrect. 
C:\Program Files\Microsoft Visual Studio\2022\Community\MSBuild\Microsoft\VC\v170\Platforms\x64\PlatformToolsets\v143\ImportAfter\Intel.Libs.oneMKL.v143.targets(40,5): warning : Could not expand oneMKLLibDir variable. Corresponding version of Intel(R) oneMKL is not installed or the registry information may be incorrect. 
C:\Program Files\Microsoft Visual Studio\2022\Community\MSBuild\Microsoft\VC\v170\Platforms\x64\PlatformToolsets\v143\ImportAfter\Intel.Libs.oneMKL.v143.targets(41,5): warning : Could not expand oneMKLOmpLibDir variable. Corresponding version of Intel(R) oneMKL is not installed or the registry information may be incorrect. 
  pch.cpp
  dllmain.cpp
D:\Programming\WindowsProjects\Lab3\SplineCalculation\dllmain.cpp(18,3): warning C4297: spline: ожидается, что функция не будет выдавать исключения, но она это делает
D:\Programming\WindowsProjects\Lab3\SplineCalculation\dllmain.cpp(18,3): message : Функция типа extern "C", указан параметр /EHc
D:\Programming\WindowsProjects\Lab3\SplineCalculation\dllmain.cpp(32,3): warning C4297: spline: ожидается, что функция не будет выдавать исключения, но она это делает
D:\Programming\WindowsProjects\Lab3\SplineCalculation\dllmain.cpp(32,3): message : Функция типа extern "C", указан параметр /EHc
D:\Programming\WindowsProjects\Lab3\SplineCalculation\dllmain.cpp(36,3): warning C4297: spline: ожидается, что функция не будет выдавать исключения, но она это делает
D:\Programming\WindowsProjects\Lab3\SplineCalculation\dllmain.cpp(36,3): message : Функция типа extern "C", указан параметр /EHc
D:\Programming\WindowsProjects\Lab3\SplineCalculation\dllmain.cpp(52,3): warning C4297: spline: ожидается, что функция не будет выдавать исключения, но она это делает
D:\Programming\WindowsProjects\Lab3\SplineCalculation\dllmain.cpp(52,3): message : Функция типа extern "C", указан параметр /EHc
D:\Programming\WindowsProjects\Lab3\SplineCalculation\dllmain.cpp(56,3): warning C4297: spline: ожидается, что функция не будет выдавать исключения, но она это делает
D:\Programming\WindowsProjects\Lab3\SplineCalculation\dllmain.cpp(56,3): message : Функция типа extern "C", указан параметр /EHc
     Создается библиотека D:\Programming\WindowsProjects\Lab3\x64\Debug\SplineCalculation.lib и объект D:\Programming\WindowsProjects\Lab3\x64\Debug\SplineCalculation.exp
  SplineCalculation.vcxproj -> D:\Programming\WindowsProjects\Lab3\x64\Debug\SplineCalculation.dll
